[2025-10-28 23:47:39,080 : datasciencelogger : INFO : Starting the main application]
[2025-10-29 10:13:56,004 : datasciencelogger : INFO : yaml file: config\config.yaml loaded successfully]
[2025-10-29 10:13:56,011 : datasciencelogger : INFO : yaml file: params.yaml loaded successfully]
[2025-10-29 10:15:01,447 : datasciencelogger : INFO : yaml file: config\config.yaml loaded successfully]
[2025-10-29 10:15:01,451 : datasciencelogger : INFO : yaml file: params.yaml loaded successfully]
[2025-10-29 10:15:46,924 : datasciencelogger : INFO : yaml file: config\config.yaml loaded successfully]
[2025-10-29 10:15:46,927 : datasciencelogger : INFO : yaml file: params.yaml loaded successfully]
[2025-10-29 10:17:45,949 : datasciencelogger : INFO : yaml file: config\config.yaml loaded successfully]
[2025-10-29 10:17:45,952 : datasciencelogger : INFO : yaml file: params.yaml loaded successfully]
[2025-10-29 10:18:24,537 : datasciencelogger : INFO : yaml file: config\config.yaml loaded successfully]
[2025-10-29 10:18:24,540 : datasciencelogger : INFO : yaml file: params.yaml loaded successfully]
[2025-10-29 10:18:43,988 : datasciencelogger : INFO : yaml file: config\config.yaml loaded successfully]
[2025-10-29 10:18:43,992 : datasciencelogger : INFO : yaml file: params.yaml loaded successfully]
[2025-10-29 10:18:43,995 : datasciencelogger : INFO : yaml file: schema.yaml loaded successfully]
[2025-10-29 10:18:43,999 : datasciencelogger : INFO : created directory at: artifacts]
[2025-10-29 10:18:44,003 : datasciencelogger : INFO : created directory at: artifacts/data_ingestion]
[2025-10-29 11:50:22,936 : datasciencelogger : INFO : yaml file: config\config.yaml loaded successfully]
[2025-10-29 11:50:22,939 : datasciencelogger : INFO : yaml file: params.yaml loaded successfully]
[2025-10-29 11:50:22,941 : datasciencelogger : INFO : yaml file: schema.yaml loaded successfully]
[2025-10-29 11:50:22,942 : datasciencelogger : INFO : created directory at: artifacts]
[2025-10-29 11:50:22,944 : datasciencelogger : INFO : created directory at: artifacts/data_ingestion]
[2025-10-29 11:56:20,821 : datasciencelogger : INFO : yaml file: config\config.yaml loaded successfully]
[2025-10-29 11:56:20,826 : datasciencelogger : INFO : yaml file: params.yaml loaded successfully]
[2025-10-29 11:56:20,829 : datasciencelogger : INFO : yaml file: schema.yaml loaded successfully]
[2025-10-29 11:56:20,831 : datasciencelogger : INFO : created directory at: artifacts]
[2025-10-29 11:56:20,834 : datasciencelogger : INFO : created directory at: artifacts/data_ingestion]
[2025-10-29 11:58:07,919 : datasciencelogger : INFO : yaml file: config\config.yaml loaded successfully]
[2025-10-29 11:58:07,922 : datasciencelogger : INFO : yaml file: params.yaml loaded successfully]
[2025-10-29 11:58:07,925 : datasciencelogger : INFO : yaml file: schema.yaml loaded successfully]
[2025-10-29 11:58:07,928 : datasciencelogger : INFO : created directory at: artifacts]
[2025-10-29 11:58:07,930 : datasciencelogger : INFO : created directory at: artifacts/data_ingestion]
[2025-10-29 11:59:08,943 : datasciencelogger : INFO : yaml file: config\config.yaml loaded successfully]
[2025-10-29 11:59:08,946 : datasciencelogger : INFO : yaml file: params.yaml loaded successfully]
[2025-10-29 11:59:08,946 : datasciencelogger : INFO : yaml file: schema.yaml loaded successfully]
[2025-10-29 11:59:08,953 : datasciencelogger : INFO : created directory at: artifacts]
[2025-10-29 11:59:08,954 : datasciencelogger : INFO : created directory at: artifacts/data_ingestion]
[2025-10-29 11:59:57,518 : datasciencelogger : INFO : yaml file: config\config.yaml loaded successfully]
[2025-10-29 11:59:57,522 : datasciencelogger : INFO : yaml file: params.yaml loaded successfully]
[2025-10-29 11:59:57,526 : datasciencelogger : INFO : yaml file: schema.yaml loaded successfully]
[2025-10-29 11:59:57,530 : datasciencelogger : INFO : created directory at: artifacts]
[2025-10-29 11:59:57,532 : datasciencelogger : INFO : created directory at: artifacts/data_ingestion]
[2025-10-29 12:00:39,376 : datasciencelogger : INFO : yaml file: config\config.yaml loaded successfully]
[2025-10-29 12:00:39,379 : datasciencelogger : INFO : yaml file: params.yaml loaded successfully]
[2025-10-29 12:00:39,381 : datasciencelogger : INFO : yaml file: schema.yaml loaded successfully]
[2025-10-29 12:00:39,385 : datasciencelogger : INFO : created directory at: artifacts]
[2025-10-29 12:00:39,389 : datasciencelogger : INFO : created directory at: artifacts/data_ingestion]
[2025-10-29 12:02:17,445 : datasciencelogger : INFO : yaml file: config\config.yaml loaded successfully]
[2025-10-29 12:02:17,448 : datasciencelogger : INFO : yaml file: params.yaml loaded successfully]
[2025-10-29 12:02:17,451 : datasciencelogger : INFO : yaml file: schema.yaml loaded successfully]
[2025-10-29 12:02:17,454 : datasciencelogger : INFO : created directory at: artifacts]
[2025-10-29 12:02:17,456 : datasciencelogger : INFO : created directory at: artifacts/data_ingestion]
[2025-10-29 12:02:17,460 : datasciencelogger : INFO : File already exists]
[2025-10-29 12:04:15,099 : datasciencelogger : INFO : yaml file: config\config.yaml loaded successfully]
[2025-10-29 12:04:15,101 : datasciencelogger : INFO : yaml file: params.yaml loaded successfully]
[2025-10-29 12:04:15,107 : datasciencelogger : INFO : yaml file: schema.yaml loaded successfully]
[2025-10-29 12:04:15,109 : datasciencelogger : INFO : created directory at: artifacts]
[2025-10-29 12:04:15,111 : datasciencelogger : INFO : created directory at: artifacts/data_ingestion]
[2025-10-29 12:04:15,116 : datasciencelogger : INFO : File already exists]
[2025-10-29 13:00:21,167 : datasciencelogger : INFO : >>>>>> stage Data Ingestion Stage started <<<<<<]
[2025-10-29 13:00:21,167 : datasciencelogger : INFO : yaml file: config\config.yaml loaded successfully]
[2025-10-29 13:00:21,167 : datasciencelogger : INFO : yaml file: params.yaml loaded successfully]
[2025-10-29 13:00:21,167 : datasciencelogger : INFO : yaml file: schema.yaml loaded successfully]
[2025-10-29 13:00:21,177 : datasciencelogger : INFO : created directory at: artifacts]
[2025-10-29 13:00:21,178 : datasciencelogger : INFO : created directory at: artifacts/data_ingestion]
[2025-10-29 13:00:21,178 : datasciencelogger : INFO : File already exists]
[2025-10-29 13:00:21,187 : datasciencelogger : INFO : >>>>>> stage Data Ingestion Stage completed <<<<<<

x==========x]
[2025-10-29 20:43:20,179 : datasciencelogger : INFO : yaml file: config\config.yaml loaded successfully]
[2025-10-29 20:43:20,190 : datasciencelogger : INFO : yaml file: params.yaml loaded successfully]
[2025-10-29 20:43:20,195 : datasciencelogger : INFO : yaml file: schema.yaml loaded successfully]
[2025-10-29 20:43:20,199 : datasciencelogger : INFO : created directory at: artifacts]
[2025-10-29 20:48:39,245 : datasciencelogger : INFO : yaml file: config\config.yaml loaded successfully]
[2025-10-29 20:48:39,249 : datasciencelogger : INFO : yaml file: params.yaml loaded successfully]
[2025-10-29 20:48:39,253 : datasciencelogger : INFO : yaml file: schema.yaml loaded successfully]
[2025-10-29 20:48:39,256 : datasciencelogger : INFO : created directory at: artifacts]
[2025-10-29 20:48:39,261 : datasciencelogger : INFO : created directory at: artifacts/data_validation]
[2025-10-30 01:03:00,247 : numexpr.utils : INFO : Note: NumExpr detected 12 cores but "NUMEXPR_MAX_THREADS" not set, so enforcing safe limit of 8.]
[2025-10-30 01:03:00,247 : numexpr.utils : INFO : NumExpr defaulting to 8 threads.]
[2025-10-30 01:03:00,810 : datasciencelogger : INFO : >>>>>> stage Data Ingestion Stage started <<<<<<]
[2025-10-30 01:03:00,812 : datasciencelogger : INFO : yaml file: config\config.yaml loaded successfully]
[2025-10-30 01:03:00,815 : datasciencelogger : INFO : yaml file: params.yaml loaded successfully]
[2025-10-30 01:03:00,818 : datasciencelogger : INFO : yaml file: schema.yaml loaded successfully]
[2025-10-30 01:03:00,818 : datasciencelogger : INFO : created directory at: artifacts]
[2025-10-30 01:03:00,818 : datasciencelogger : INFO : created directory at: artifacts/data_ingestion]
[2025-10-30 01:03:00,818 : datasciencelogger : INFO : File already exists]
[2025-10-30 01:03:00,829 : datasciencelogger : INFO : >>>>>> stage Data Ingestion Stage completed <<<<<<

x==========x]
[2025-10-30 01:03:00,829 : datasciencelogger : INFO : >>>>>> stage  Data Validation Stage started <<<<<<]
[2025-10-30 01:03:00,832 : datasciencelogger : INFO : yaml file: config\config.yaml loaded successfully]
[2025-10-30 01:03:00,833 : datasciencelogger : INFO : yaml file: params.yaml loaded successfully]
[2025-10-30 01:03:00,836 : datasciencelogger : INFO : yaml file: schema.yaml loaded successfully]
[2025-10-30 01:03:00,838 : datasciencelogger : INFO : created directory at: artifacts]
[2025-10-30 01:03:00,839 : datasciencelogger : INFO : created directory at: artifacts/data_validation]
[2025-10-30 01:03:00,839 : datasciencelogger : ERROR : type object 'DataValiadtion' has no attribute 'download_file']
Traceback (most recent call last):
  File "D:\mlops\datasciencProject\main.py", line 20, in <module>
    obj.initiate_data_validation()
  File "D:\mlops\datasciencProject\src\datasciencProject\pipeline\data_validation_pipeline.py", line 13, in initiate_data_validation
    DataValiadtion.download_file(config=data_validation_config)
    ^^^^^^^^^^^^^^^^^^^^^^^^^^^^
AttributeError: type object 'DataValiadtion' has no attribute 'download_file'
[2025-10-30 20:49:31,667 : numexpr.utils : INFO : Note: NumExpr detected 12 cores but "NUMEXPR_MAX_THREADS" not set, so enforcing safe limit of 8.]
[2025-10-30 20:49:31,667 : numexpr.utils : INFO : NumExpr defaulting to 8 threads.]
[2025-10-30 21:01:04,781 : datasciencelogger : INFO : yaml file: config\config.yaml loaded successfully]
[2025-10-30 21:01:04,781 : datasciencelogger : INFO : yaml file: params.yaml loaded successfully]
[2025-10-30 21:01:04,790 : datasciencelogger : INFO : yaml file: schema.yaml loaded successfully]
[2025-10-30 21:01:04,792 : datasciencelogger : INFO : created directory at: artifacts]
[2025-10-30 21:49:31,023 : numexpr.utils : INFO : Note: NumExpr detected 12 cores but "NUMEXPR_MAX_THREADS" not set, so enforcing safe limit of 8.]
[2025-10-30 21:49:31,025 : numexpr.utils : INFO : NumExpr defaulting to 8 threads.]
[2025-10-30 21:49:33,385 : datasciencelogger : INFO : yaml file: config\config.yaml loaded successfully]
[2025-10-30 21:49:33,389 : datasciencelogger : INFO : yaml file: params.yaml loaded successfully]
[2025-10-30 21:49:33,394 : datasciencelogger : INFO : yaml file: schema.yaml loaded successfully]
[2025-10-30 21:49:33,396 : datasciencelogger : INFO : created directory at: artifacts]
[2025-10-30 21:51:48,356 : datasciencelogger : INFO : yaml file: config\config.yaml loaded successfully]
[2025-10-30 21:51:48,359 : datasciencelogger : INFO : yaml file: params.yaml loaded successfully]
[2025-10-30 21:51:48,365 : datasciencelogger : INFO : yaml file: schema.yaml loaded successfully]
[2025-10-30 21:51:48,369 : datasciencelogger : INFO : created directory at: artifacts]
[2025-10-30 21:51:48,371 : datasciencelogger : INFO : created directory at: artifacts/data_transformation]
[2025-10-30 21:51:59,887 : datasciencelogger : INFO : yaml file: config\config.yaml loaded successfully]
[2025-10-30 21:51:59,887 : datasciencelogger : INFO : yaml file: params.yaml loaded successfully]
[2025-10-30 21:51:59,887 : datasciencelogger : INFO : yaml file: schema.yaml loaded successfully]
[2025-10-30 21:51:59,887 : datasciencelogger : INFO : created directory at: artifacts]
[2025-10-30 21:51:59,887 : datasciencelogger : INFO : created directory at: artifacts/data_transformation]
[2025-10-30 21:52:03,267 : datasciencelogger : INFO : yaml file: config\config.yaml loaded successfully]
[2025-10-30 21:56:12,029 : numexpr.utils : INFO : Note: NumExpr detected 12 cores but "NUMEXPR_MAX_THREADS" not set, so enforcing safe limit of 8.]
[2025-10-30 21:56:12,043 : numexpr.utils : INFO : NumExpr defaulting to 8 threads.]
[2025-10-30 21:56:14,523 : datasciencelogger : INFO : yaml file: config\config.yaml loaded successfully]
[2025-10-30 21:56:14,523 : datasciencelogger : INFO : yaml file: params.yaml loaded successfully]
[2025-10-30 21:56:14,523 : datasciencelogger : INFO : yaml file: schema.yaml loaded successfully]
[2025-10-30 21:56:14,539 : datasciencelogger : INFO : created directory at: artifacts]
[2025-10-30 21:56:14,541 : datasciencelogger : INFO : created directory at: artifacts/data_transformation]
[2025-10-30 21:57:45,584 : numexpr.utils : INFO : Note: NumExpr detected 12 cores but "NUMEXPR_MAX_THREADS" not set, so enforcing safe limit of 8.]
[2025-10-30 21:57:45,586 : numexpr.utils : INFO : NumExpr defaulting to 8 threads.]
[2025-10-30 21:57:47,730 : datasciencelogger : INFO : yaml file: config\config.yaml loaded successfully]
[2025-10-30 21:57:47,733 : datasciencelogger : INFO : yaml file: params.yaml loaded successfully]
[2025-10-30 21:57:47,736 : datasciencelogger : INFO : yaml file: schema.yaml loaded successfully]
[2025-10-30 21:57:47,740 : datasciencelogger : INFO : created directory at: artifacts]
[2025-10-30 21:57:47,742 : datasciencelogger : INFO : created directory at: artifacts/data_transformation]
[2025-10-30 21:58:08,977 : numexpr.utils : INFO : Note: NumExpr detected 12 cores but "NUMEXPR_MAX_THREADS" not set, so enforcing safe limit of 8.]
[2025-10-30 21:58:08,979 : numexpr.utils : INFO : NumExpr defaulting to 8 threads.]
[2025-10-30 21:58:11,270 : datasciencelogger : INFO : yaml file: config\config.yaml loaded successfully]
[2025-10-30 21:58:11,274 : datasciencelogger : INFO : yaml file: params.yaml loaded successfully]
[2025-10-30 21:58:11,279 : datasciencelogger : INFO : yaml file: schema.yaml loaded successfully]
[2025-10-30 21:58:11,281 : datasciencelogger : INFO : created directory at: artifacts]
[2025-10-30 21:58:11,283 : datasciencelogger : INFO : created directory at: artifacts/data_transformation]
[2025-10-30 21:58:26,734 : datasciencelogger : INFO : yaml file: config\config.yaml loaded successfully]
[2025-11-01 07:57:42,679 : numexpr.utils : INFO : Note: NumExpr detected 12 cores but "NUMEXPR_MAX_THREADS" not set, so enforcing safe limit of 8.]
[2025-11-01 07:57:42,681 : numexpr.utils : INFO : NumExpr defaulting to 8 threads.]
[2025-11-01 07:57:46,336 : datasciencelogger : INFO : yaml file: config\config.yaml loaded successfully]
[2025-11-01 07:57:46,340 : datasciencelogger : INFO : yaml file: params.yaml loaded successfully]
[2025-11-01 07:57:46,345 : datasciencelogger : INFO : yaml file: schema.yaml loaded successfully]
[2025-11-01 07:57:46,345 : datasciencelogger : INFO : created directory at: artifacts]
[2025-11-01 07:57:46,352 : datasciencelogger : INFO : created directory at: artifacts/data_transformation]
[2025-11-01 07:59:59,768 : datasciencelogger : INFO : yaml file: config\config.yaml loaded successfully]
[2025-11-01 07:59:59,772 : datasciencelogger : INFO : yaml file: params.yaml loaded successfully]
[2025-11-01 07:59:59,778 : datasciencelogger : INFO : yaml file: schema.yaml loaded successfully]
[2025-11-01 07:59:59,782 : datasciencelogger : INFO : created directory at: artifacts]
[2025-11-01 07:59:59,785 : datasciencelogger : INFO : created directory at: artifacts/data_transformation]
[2025-11-01 08:01:42,607 : datasciencelogger : INFO : yaml file: config\config.yaml loaded successfully]
[2025-11-01 08:01:42,610 : datasciencelogger : INFO : yaml file: params.yaml loaded successfully]
[2025-11-01 08:01:42,616 : datasciencelogger : INFO : yaml file: schema.yaml loaded successfully]
[2025-11-01 08:01:42,620 : datasciencelogger : INFO : created directory at: artifacts]
[2025-11-01 08:01:42,622 : datasciencelogger : INFO : created directory at: artifacts/data_transformation]
[2025-11-01 08:02:54,099 : numexpr.utils : INFO : Note: NumExpr detected 12 cores but "NUMEXPR_MAX_THREADS" not set, so enforcing safe limit of 8.]
[2025-11-01 08:02:54,101 : numexpr.utils : INFO : NumExpr defaulting to 8 threads.]
[2025-11-01 08:02:57,218 : datasciencelogger : INFO : yaml file: config\config.yaml loaded successfully]
[2025-11-01 08:02:57,222 : datasciencelogger : INFO : yaml file: params.yaml loaded successfully]
[2025-11-01 08:02:57,227 : datasciencelogger : INFO : yaml file: schema.yaml loaded successfully]
[2025-11-01 08:02:57,230 : datasciencelogger : INFO : created directory at: artifacts]
[2025-11-01 08:02:57,231 : datasciencelogger : INFO : created directory at: artifacts/data_transformation]
[2025-11-01 08:05:02,073 : numexpr.utils : INFO : Note: NumExpr detected 12 cores but "NUMEXPR_MAX_THREADS" not set, so enforcing safe limit of 8.]
[2025-11-01 08:05:02,073 : numexpr.utils : INFO : NumExpr defaulting to 8 threads.]
[2025-11-01 08:05:04,552 : datasciencelogger : INFO : yaml file: config\config.yaml loaded successfully]
[2025-11-01 08:05:04,555 : datasciencelogger : INFO : yaml file: params.yaml loaded successfully]
[2025-11-01 08:05:04,560 : datasciencelogger : INFO : yaml file: schema.yaml loaded successfully]
[2025-11-01 08:05:04,562 : datasciencelogger : INFO : created directory at: artifacts]
[2025-11-01 08:05:04,564 : datasciencelogger : INFO : created directory at: artifacts/data_transformation]
[2025-11-01 08:09:17,969 : numexpr.utils : INFO : Note: NumExpr detected 12 cores but "NUMEXPR_MAX_THREADS" not set, so enforcing safe limit of 8.]
[2025-11-01 08:09:17,971 : numexpr.utils : INFO : NumExpr defaulting to 8 threads.]
[2025-11-01 08:09:20,208 : datasciencelogger : INFO : yaml file: config\config.yaml loaded successfully]
[2025-11-01 08:09:20,211 : datasciencelogger : INFO : yaml file: params.yaml loaded successfully]
[2025-11-01 08:09:20,216 : datasciencelogger : INFO : yaml file: schema.yaml loaded successfully]
[2025-11-01 08:09:20,220 : datasciencelogger : INFO : created directory at: artifacts]
[2025-11-01 08:09:20,222 : datasciencelogger : INFO : created directory at: artifacts/data_transformation]
[2025-11-01 08:09:20,287 : datasciencelogger : INFO : Splited data into training and test sets]
[2025-11-01 08:09:20,292 : datasciencelogger : INFO : (1199, 12)]
[2025-11-01 08:09:20,292 : datasciencelogger : INFO : (400, 12)]
[2025-11-01 08:18:19,719 : numexpr.utils : INFO : Note: NumExpr detected 12 cores but "NUMEXPR_MAX_THREADS" not set, so enforcing safe limit of 8.]
[2025-11-01 08:18:19,719 : numexpr.utils : INFO : NumExpr defaulting to 8 threads.]
[2025-11-01 08:18:21,867 : datasciencelogger : INFO : >>>>>> stage Data Ingestion Stage started <<<<<<]
[2025-11-01 08:18:21,870 : datasciencelogger : INFO : yaml file: config\config.yaml loaded successfully]
[2025-11-01 08:18:21,872 : datasciencelogger : INFO : yaml file: params.yaml loaded successfully]
[2025-11-01 08:18:21,877 : datasciencelogger : INFO : yaml file: schema.yaml loaded successfully]
[2025-11-01 08:18:21,878 : datasciencelogger : INFO : created directory at: artifacts]
[2025-11-01 08:18:21,880 : datasciencelogger : INFO : created directory at: artifacts/data_ingestion]
[2025-11-01 08:18:21,880 : datasciencelogger : INFO : File already exists]
[2025-11-01 08:18:21,891 : datasciencelogger : INFO : >>>>>> stage Data Ingestion Stage completed <<<<<<

x==========x]
[2025-11-01 08:18:21,891 : datasciencelogger : INFO : >>>>>> stage  Data Validation Stage started <<<<<<]
[2025-11-01 08:18:21,894 : datasciencelogger : INFO : yaml file: config\config.yaml loaded successfully]
[2025-11-01 08:18:21,896 : datasciencelogger : INFO : yaml file: params.yaml loaded successfully]
[2025-11-01 08:18:21,899 : datasciencelogger : INFO : yaml file: schema.yaml loaded successfully]
[2025-11-01 08:18:21,900 : datasciencelogger : INFO : created directory at: artifacts]
[2025-11-01 08:18:21,900 : datasciencelogger : INFO : created directory at: artifacts/data_validation]
[2025-11-01 08:18:21,901 : datasciencelogger : ERROR : type object 'DataValiadtion' has no attribute 'download_file']
Traceback (most recent call last):
  File "D:\mlops\datasciencProject\main.py", line 21, in <module>
    obj.initiate_data_validation()
  File "D:\mlops\datasciencProject\src\datasciencProject\pipeline\data_validation_pipeline.py", line 13, in initiate_data_validation
    DataValiadtion.download_file(config=data_validation_config)
    ^^^^^^^^^^^^^^^^^^^^^^^^^^^^
AttributeError: type object 'DataValiadtion' has no attribute 'download_file'
[2025-11-01 08:54:03,356 : numexpr.utils : INFO : Note: NumExpr detected 12 cores but "NUMEXPR_MAX_THREADS" not set, so enforcing safe limit of 8.]
[2025-11-01 08:54:03,357 : numexpr.utils : INFO : NumExpr defaulting to 8 threads.]
[2025-11-01 08:54:06,121 : datasciencelogger : INFO : >>>>>> stage Data Ingestion Stage started <<<<<<]
[2025-11-01 08:54:06,123 : datasciencelogger : INFO : yaml file: config\config.yaml loaded successfully]
[2025-11-01 08:54:06,123 : datasciencelogger : INFO : yaml file: params.yaml loaded successfully]
[2025-11-01 08:54:06,128 : datasciencelogger : INFO : yaml file: schema.yaml loaded successfully]
[2025-11-01 08:54:06,128 : datasciencelogger : INFO : created directory at: artifacts]
[2025-11-01 08:54:06,128 : datasciencelogger : INFO : created directory at: artifacts/data_ingestion]
[2025-11-01 08:54:06,128 : datasciencelogger : INFO : File already exists]
[2025-11-01 08:54:06,141 : datasciencelogger : INFO : >>>>>> stage Data Ingestion Stage completed <<<<<<

x==========x]
[2025-11-01 08:54:06,141 : datasciencelogger : INFO : >>>>>> stage  Data Validation Stage started <<<<<<]
[2025-11-01 08:54:06,144 : datasciencelogger : INFO : yaml file: config\config.yaml loaded successfully]
[2025-11-01 08:54:06,145 : datasciencelogger : INFO : yaml file: params.yaml loaded successfully]
[2025-11-01 08:54:06,145 : datasciencelogger : INFO : yaml file: schema.yaml loaded successfully]
[2025-11-01 08:54:06,145 : datasciencelogger : INFO : created directory at: artifacts]
[2025-11-01 08:54:06,145 : datasciencelogger : INFO : created directory at: artifacts/data_validation]
[2025-11-01 08:54:06,175 : datasciencelogger : INFO : >>>>>> stage  Data Validation Stage completed <<<<<<

x==========x]
[2025-11-01 08:54:06,176 : datasciencelogger : INFO : >>>>>> stage Data Transformation stage started <<<<<<]
[2025-11-01 08:54:06,179 : datasciencelogger : INFO : yaml file: config\config.yaml loaded successfully]
[2025-11-01 08:54:06,181 : datasciencelogger : INFO : yaml file: params.yaml loaded successfully]
[2025-11-01 08:54:06,184 : datasciencelogger : INFO : yaml file: schema.yaml loaded successfully]
[2025-11-01 08:54:06,185 : datasciencelogger : INFO : created directory at: artifacts]
[2025-11-01 08:54:06,186 : datasciencelogger : INFO : >>>>>> stage Data Transformation stage completed <<<<<<

x==========x]
[2025-11-01 11:02:44,614 : numexpr.utils : INFO : Note: NumExpr detected 12 cores but "NUMEXPR_MAX_THREADS" not set, so enforcing safe limit of 8.]
[2025-11-01 11:02:44,616 : numexpr.utils : INFO : NumExpr defaulting to 8 threads.]
[2025-11-01 15:58:42,526 : datasciencelogger : INFO : yaml file: config\config.yaml loaded successfully]
[2025-11-01 15:58:42,532 : datasciencelogger : INFO : yaml file: params.yaml loaded successfully]
[2025-11-01 15:58:42,537 : datasciencelogger : INFO : yaml file: schema.yaml loaded successfully]
[2025-11-01 15:58:42,539 : datasciencelogger : INFO : created directory at: artifacts]
[2025-11-01 15:59:25,181 : datasciencelogger : INFO : yaml file: config\config.yaml loaded successfully]
[2025-11-01 15:59:25,186 : datasciencelogger : INFO : yaml file: params.yaml loaded successfully]
[2025-11-01 15:59:25,193 : datasciencelogger : INFO : yaml file: schema.yaml loaded successfully]
[2025-11-01 15:59:25,195 : datasciencelogger : INFO : created directory at: artifacts]
[2025-11-01 15:59:25,198 : datasciencelogger : INFO : created directory at: artifacts/model_trainer]
[2025-11-01 15:59:41,479 : numexpr.utils : INFO : Note: NumExpr detected 12 cores but "NUMEXPR_MAX_THREADS" not set, so enforcing safe limit of 8.]
[2025-11-01 15:59:41,481 : numexpr.utils : INFO : NumExpr defaulting to 8 threads.]
[2025-11-01 15:59:44,518 : datasciencelogger : INFO : yaml file: config\config.yaml loaded successfully]
[2025-11-01 15:59:44,523 : datasciencelogger : INFO : yaml file: params.yaml loaded successfully]
[2025-11-01 15:59:44,529 : datasciencelogger : INFO : yaml file: schema.yaml loaded successfully]
[2025-11-01 15:59:44,532 : datasciencelogger : INFO : created directory at: artifacts]
[2025-11-01 15:59:44,534 : datasciencelogger : INFO : created directory at: artifacts/model_trainer]
[2025-11-01 16:06:27,165 : datasciencelogger : INFO : yaml file: config\config.yaml loaded successfully]
[2025-11-01 16:06:27,167 : datasciencelogger : INFO : yaml file: params.yaml loaded successfully]
[2025-11-01 16:06:27,173 : datasciencelogger : INFO : yaml file: schema.yaml loaded successfully]
[2025-11-01 16:06:27,176 : datasciencelogger : INFO : created directory at: artifacts]
[2025-11-01 16:06:27,178 : datasciencelogger : INFO : created directory at: artifacts/model_trainer]
[2025-11-01 16:17:20,926 : numexpr.utils : INFO : Note: NumExpr detected 12 cores but "NUMEXPR_MAX_THREADS" not set, so enforcing safe limit of 8.]
[2025-11-01 16:17:20,941 : numexpr.utils : INFO : NumExpr defaulting to 8 threads.]
[2025-11-01 16:17:23,319 : datasciencelogger : INFO : yaml file: config\config.yaml loaded successfully]
[2025-11-01 16:17:23,323 : datasciencelogger : INFO : yaml file: params.yaml loaded successfully]
[2025-11-01 16:17:23,328 : datasciencelogger : INFO : yaml file: schema.yaml loaded successfully]
[2025-11-01 16:17:23,331 : datasciencelogger : INFO : created directory at: artifacts]
[2025-11-01 16:17:23,333 : datasciencelogger : INFO : created directory at: artifacts/model_trainer]
[2025-11-01 16:18:52,934 : datasciencelogger : INFO : yaml file: config\config.yaml loaded successfully]
[2025-11-01 16:18:52,937 : datasciencelogger : INFO : yaml file: params.yaml loaded successfully]
[2025-11-01 16:18:52,942 : datasciencelogger : INFO : yaml file: schema.yaml loaded successfully]
[2025-11-01 16:18:52,945 : datasciencelogger : INFO : created directory at: artifacts]
[2025-11-01 16:18:52,946 : datasciencelogger : INFO : created directory at: artifacts/model_trainer]
[2025-11-01 16:21:42,496 : datasciencelogger : INFO : yaml file: config\config.yaml loaded successfully]
[2025-11-01 16:21:42,505 : datasciencelogger : INFO : yaml file: params.yaml loaded successfully]
[2025-11-01 16:21:42,510 : datasciencelogger : INFO : yaml file: schema.yaml loaded successfully]
[2025-11-01 16:21:42,513 : datasciencelogger : INFO : created directory at: artifacts]
[2025-11-01 16:21:42,515 : datasciencelogger : INFO : created directory at: artifacts/model_trainer]
[2025-11-01 16:21:55,591 : numexpr.utils : INFO : Note: NumExpr detected 12 cores but "NUMEXPR_MAX_THREADS" not set, so enforcing safe limit of 8.]
[2025-11-01 16:21:55,592 : numexpr.utils : INFO : NumExpr defaulting to 8 threads.]
[2025-11-01 16:21:57,985 : datasciencelogger : INFO : yaml file: config\config.yaml loaded successfully]
[2025-11-01 16:21:57,989 : datasciencelogger : INFO : yaml file: params.yaml loaded successfully]
[2025-11-01 16:21:57,994 : datasciencelogger : INFO : yaml file: schema.yaml loaded successfully]
[2025-11-01 16:21:57,998 : datasciencelogger : INFO : created directory at: artifacts]
[2025-11-01 16:21:57,999 : datasciencelogger : INFO : created directory at: artifacts/model_trainer]
[2025-11-01 16:33:46,600 : numexpr.utils : INFO : Note: NumExpr detected 12 cores but "NUMEXPR_MAX_THREADS" not set, so enforcing safe limit of 8.]
[2025-11-01 16:33:46,601 : numexpr.utils : INFO : NumExpr defaulting to 8 threads.]
[2025-11-01 16:39:07,340 : numexpr.utils : INFO : Note: NumExpr detected 12 cores but "NUMEXPR_MAX_THREADS" not set, so enforcing safe limit of 8.]
[2025-11-01 16:39:07,340 : numexpr.utils : INFO : NumExpr defaulting to 8 threads.]
[2025-11-01 16:39:09,663 : datasciencelogger : INFO : >>>>>> stage Data Ingestion Stage started <<<<<<]
[2025-11-01 16:39:09,663 : datasciencelogger : INFO : yaml file: config\config.yaml loaded successfully]
[2025-11-01 16:39:09,663 : datasciencelogger : INFO : yaml file: params.yaml loaded successfully]
[2025-11-01 16:39:09,678 : datasciencelogger : INFO : yaml file: schema.yaml loaded successfully]
[2025-11-01 16:39:09,678 : datasciencelogger : INFO : created directory at: artifacts]
[2025-11-01 16:39:09,679 : datasciencelogger : INFO : created directory at: artifacts/data_ingestion]
[2025-11-01 16:39:09,681 : datasciencelogger : INFO : File already exists]
[2025-11-01 16:39:09,690 : datasciencelogger : INFO : >>>>>> stage Data Ingestion Stage completed <<<<<<

x==========x]
[2025-11-01 16:39:09,690 : datasciencelogger : INFO : >>>>>> stage  Data Validation Stage started <<<<<<]
[2025-11-01 16:39:09,690 : datasciencelogger : INFO : yaml file: config\config.yaml loaded successfully]
[2025-11-01 16:39:09,698 : datasciencelogger : INFO : yaml file: params.yaml loaded successfully]
[2025-11-01 16:39:09,698 : datasciencelogger : INFO : yaml file: schema.yaml loaded successfully]
[2025-11-01 16:39:09,698 : datasciencelogger : INFO : created directory at: artifacts]
[2025-11-01 16:39:09,698 : datasciencelogger : INFO : created directory at: artifacts/data_validation]
[2025-11-01 16:39:09,732 : datasciencelogger : INFO : >>>>>> stage  Data Validation Stage completed <<<<<<

x==========x]
[2025-11-01 16:39:09,732 : datasciencelogger : INFO : >>>>>> stage Data Transformation stage started <<<<<<]
[2025-11-01 16:39:09,744 : datasciencelogger : INFO : yaml file: config\config.yaml loaded successfully]
[2025-11-01 16:39:09,744 : datasciencelogger : INFO : yaml file: params.yaml loaded successfully]
[2025-11-01 16:39:09,749 : datasciencelogger : INFO : yaml file: schema.yaml loaded successfully]
[2025-11-01 16:39:09,749 : datasciencelogger : INFO : created directory at: artifacts]
[2025-11-01 16:39:09,749 : datasciencelogger : INFO : >>>>>> stage Data Transformation stage completed <<<<<<

x==========x]
[2025-11-01 16:39:09,749 : datasciencelogger : INFO : >>>>>> stage Model Trainer stage started <<<<<<]
[2025-11-01 16:39:09,749 : datasciencelogger : INFO : yaml file: config\config.yaml loaded successfully]
[2025-11-01 16:39:09,761 : datasciencelogger : INFO : yaml file: params.yaml loaded successfully]
[2025-11-01 16:39:09,765 : datasciencelogger : INFO : yaml file: schema.yaml loaded successfully]
[2025-11-01 16:39:09,767 : datasciencelogger : INFO : created directory at: artifacts]
[2025-11-01 16:39:09,767 : datasciencelogger : INFO : created directory at: artifacts/model_trainer]
[2025-11-01 16:39:09,767 : datasciencelogger : ERROR : 'DataTransformation' object has no attribute 'transform']
Traceback (most recent call last):
  File "D:\mlops\datasciencProject\main.py", line 42, in <module>
    data_ingestion.initiate_model_training()
  File "D:\mlops\datasciencProject\src\datasciencProject\pipeline\model_trainer_pipeline.py", line 14, in initiate_model_training
    data_transformation.transform()
    ^^^^^^^^^^^^^^^^^^^^^^^^^^^^^
AttributeError: 'DataTransformation' object has no attribute 'transform'
[2025-11-01 16:48:02,853 : numexpr.utils : INFO : Note: NumExpr detected 12 cores but "NUMEXPR_MAX_THREADS" not set, so enforcing safe limit of 8.]
[2025-11-01 16:48:02,860 : numexpr.utils : INFO : NumExpr defaulting to 8 threads.]
[2025-11-01 16:48:05,574 : datasciencelogger : INFO : yaml file: config\config.yaml loaded successfully]
[2025-11-01 16:48:05,579 : datasciencelogger : INFO : yaml file: params.yaml loaded successfully]
[2025-11-01 16:48:05,584 : datasciencelogger : INFO : yaml file: schema.yaml loaded successfully]
[2025-11-01 16:48:05,586 : datasciencelogger : INFO : created directory at: artifacts]
[2025-11-01 16:48:05,590 : datasciencelogger : INFO : created directory at: artifacts/model_trainer]
[2025-11-01 16:48:05,723 : datasciencelogger : INFO : Model Trained and saved at artifacts/model_trainer\model.joblib]
[2025-11-01 16:48:23,413 : numexpr.utils : INFO : Note: NumExpr detected 12 cores but "NUMEXPR_MAX_THREADS" not set, so enforcing safe limit of 8.]
[2025-11-01 16:48:23,415 : numexpr.utils : INFO : NumExpr defaulting to 8 threads.]
[2025-11-01 16:49:45,228 : numexpr.utils : INFO : Note: NumExpr detected 12 cores but "NUMEXPR_MAX_THREADS" not set, so enforcing safe limit of 8.]
[2025-11-01 16:49:45,229 : numexpr.utils : INFO : NumExpr defaulting to 8 threads.]
[2025-11-01 16:49:47,827 : datasciencelogger : INFO : >>>>>> stage Data Ingestion Stage started <<<<<<]
[2025-11-01 16:49:47,827 : datasciencelogger : INFO : yaml file: config\config.yaml loaded successfully]
[2025-11-01 16:49:47,827 : datasciencelogger : INFO : yaml file: params.yaml loaded successfully]
[2025-11-01 16:49:47,827 : datasciencelogger : INFO : yaml file: schema.yaml loaded successfully]
[2025-11-01 16:49:47,827 : datasciencelogger : INFO : created directory at: artifacts]
[2025-11-01 16:49:47,827 : datasciencelogger : INFO : created directory at: artifacts/data_ingestion]
[2025-11-01 16:49:47,827 : datasciencelogger : INFO : File already exists]
[2025-11-01 16:49:47,850 : datasciencelogger : INFO : >>>>>> stage Data Ingestion Stage completed <<<<<<

x==========x]
[2025-11-01 16:49:47,851 : datasciencelogger : INFO : >>>>>> stage  Data Validation Stage started <<<<<<]
[2025-11-01 16:49:47,857 : datasciencelogger : INFO : yaml file: config\config.yaml loaded successfully]
[2025-11-01 16:49:47,858 : datasciencelogger : INFO : yaml file: params.yaml loaded successfully]
[2025-11-01 16:49:47,861 : datasciencelogger : INFO : yaml file: schema.yaml loaded successfully]
[2025-11-01 16:49:47,861 : datasciencelogger : INFO : created directory at: artifacts]
[2025-11-01 16:49:47,861 : datasciencelogger : INFO : created directory at: artifacts/data_validation]
[2025-11-01 16:49:47,883 : datasciencelogger : INFO : >>>>>> stage  Data Validation Stage completed <<<<<<

x==========x]
[2025-11-01 16:49:47,883 : datasciencelogger : INFO : >>>>>> stage Data Transformation stage started <<<<<<]
[2025-11-01 16:49:47,883 : datasciencelogger : INFO : yaml file: config\config.yaml loaded successfully]
[2025-11-01 16:49:47,890 : datasciencelogger : INFO : yaml file: params.yaml loaded successfully]
[2025-11-01 16:49:47,894 : datasciencelogger : INFO : yaml file: schema.yaml loaded successfully]
[2025-11-01 16:49:47,895 : datasciencelogger : INFO : created directory at: artifacts]
[2025-11-01 16:49:47,895 : datasciencelogger : INFO : >>>>>> stage Data Transformation stage completed <<<<<<

x==========x]
[2025-11-01 16:49:47,896 : datasciencelogger : INFO : >>>>>> stage Model Trainer stage started <<<<<<]
[2025-11-01 16:49:47,900 : datasciencelogger : INFO : yaml file: config\config.yaml loaded successfully]
[2025-11-01 16:49:47,900 : datasciencelogger : INFO : yaml file: params.yaml loaded successfully]
[2025-11-01 16:49:47,902 : datasciencelogger : INFO : yaml file: schema.yaml loaded successfully]
[2025-11-01 16:49:47,902 : datasciencelogger : INFO : created directory at: artifacts]
[2025-11-01 16:49:47,902 : datasciencelogger : INFO : created directory at: artifacts/model_trainer]
[2025-11-01 16:49:47,902 : datasciencelogger : ERROR : 'NoneType' object has no attribute 'train_data_path']
Traceback (most recent call last):
  File "D:\mlops\datasciencProject\main.py", line 42, in <module>
    data_ingestion.initiate_model_training()
  File "D:\mlops\datasciencProject\src\datasciencProject\pipeline\model_trainer_pipeline.py", line 17, in initiate_model_training
    model_trainer_config.train()
  File "D:\mlops\datasciencProject\src\datasciencProject\components\model_trainer.py", line 13, in train
    train_data = pd.read_csv(self.config.train_data_path)
                             ^^^^^^^^^^^^^^^^^^^^^^^^^^^
AttributeError: 'NoneType' object has no attribute 'train_data_path'
[2025-11-01 16:59:27,086 : numexpr.utils : INFO : Note: NumExpr detected 12 cores but "NUMEXPR_MAX_THREADS" not set, so enforcing safe limit of 8.]
[2025-11-01 16:59:27,087 : numexpr.utils : INFO : NumExpr defaulting to 8 threads.]
[2025-11-01 16:59:29,377 : datasciencelogger : INFO : >>>>>> stage Data Ingestion Stage started <<<<<<]
[2025-11-01 16:59:29,381 : datasciencelogger : INFO : yaml file: config\config.yaml loaded successfully]
[2025-11-01 16:59:29,383 : datasciencelogger : INFO : yaml file: params.yaml loaded successfully]
[2025-11-01 16:59:29,387 : datasciencelogger : INFO : yaml file: schema.yaml loaded successfully]
[2025-11-01 16:59:29,388 : datasciencelogger : INFO : created directory at: artifacts]
[2025-11-01 16:59:29,389 : datasciencelogger : INFO : created directory at: artifacts/data_ingestion]
[2025-11-01 16:59:29,390 : datasciencelogger : INFO : File already exists]
[2025-11-01 16:59:29,395 : datasciencelogger : INFO : >>>>>> stage Data Ingestion Stage completed <<<<<<

x==========x]
[2025-11-01 16:59:29,395 : datasciencelogger : INFO : >>>>>> stage  Data Validation Stage started <<<<<<]
[2025-11-01 16:59:29,399 : datasciencelogger : INFO : yaml file: config\config.yaml loaded successfully]
[2025-11-01 16:59:29,401 : datasciencelogger : INFO : yaml file: params.yaml loaded successfully]
[2025-11-01 16:59:29,404 : datasciencelogger : INFO : yaml file: schema.yaml loaded successfully]
[2025-11-01 16:59:29,406 : datasciencelogger : INFO : created directory at: artifacts]
[2025-11-01 16:59:29,407 : datasciencelogger : INFO : created directory at: artifacts/data_validation]
[2025-11-01 16:59:29,429 : datasciencelogger : INFO : >>>>>> stage  Data Validation Stage completed <<<<<<

x==========x]
[2025-11-01 16:59:29,429 : datasciencelogger : INFO : >>>>>> stage Data Transformation stage started <<<<<<]
[2025-11-01 16:59:29,433 : datasciencelogger : INFO : yaml file: config\config.yaml loaded successfully]
[2025-11-01 16:59:29,436 : datasciencelogger : INFO : yaml file: params.yaml loaded successfully]
[2025-11-01 16:59:29,439 : datasciencelogger : INFO : yaml file: schema.yaml loaded successfully]
[2025-11-01 16:59:29,440 : datasciencelogger : INFO : created directory at: artifacts]
[2025-11-01 16:59:29,441 : datasciencelogger : INFO : >>>>>> stage Data Transformation stage completed <<<<<<

x==========x]
[2025-11-01 16:59:29,441 : datasciencelogger : INFO : >>>>>> stage Model Trainer stage started <<<<<<]
[2025-11-01 16:59:29,445 : datasciencelogger : INFO : yaml file: config\config.yaml loaded successfully]
[2025-11-01 16:59:29,446 : datasciencelogger : INFO : yaml file: params.yaml loaded successfully]
[2025-11-01 16:59:29,449 : datasciencelogger : INFO : yaml file: schema.yaml loaded successfully]
[2025-11-01 16:59:29,450 : datasciencelogger : INFO : created directory at: artifacts]
[2025-11-01 16:59:29,451 : datasciencelogger : INFO : created directory at: artifacts/model_trainer]
[2025-11-01 16:59:29,451 : datasciencelogger : ERROR : 'NoneType' object has no attribute 'train_data_path']
Traceback (most recent call last):
  File "D:\mlops\datasciencProject\main.py", line 42, in <module>
    data_ingestion.initiate_model_training()
  File "D:\mlops\datasciencProject\src\datasciencProject\pipeline\model_trainer_pipeline.py", line 17, in initiate_model_training
    model_trainer_config.train()
  File "D:\mlops\datasciencProject\src\datasciencProject\components\model_trainer.py", line 13, in train
    train_data = pd.read_csv(self.config.train_data_path)
                             ^^^^^^^^^^^^^^^^^^^^^^^^^^^
AttributeError: 'NoneType' object has no attribute 'train_data_path'
[2025-11-01 17:41:48,509 : numexpr.utils : INFO : Note: NumExpr detected 12 cores but "NUMEXPR_MAX_THREADS" not set, so enforcing safe limit of 8.]
[2025-11-01 17:41:48,509 : numexpr.utils : INFO : NumExpr defaulting to 8 threads.]
[2025-11-01 17:41:51,178 : datasciencelogger : INFO : >>>>>> stage Data Ingestion Stage started <<<<<<]
[2025-11-01 17:41:51,182 : datasciencelogger : INFO : yaml file: config\config.yaml loaded successfully]
[2025-11-01 17:41:51,183 : datasciencelogger : INFO : yaml file: params.yaml loaded successfully]
[2025-11-01 17:41:51,188 : datasciencelogger : INFO : yaml file: schema.yaml loaded successfully]
[2025-11-01 17:41:51,189 : datasciencelogger : INFO : created directory at: artifacts]
[2025-11-01 17:41:51,190 : datasciencelogger : INFO : created directory at: artifacts/data_ingestion]
[2025-11-01 17:41:51,190 : datasciencelogger : INFO : File already exists]
[2025-11-01 17:41:51,191 : datasciencelogger : INFO : >>>>>> stage Data Ingestion Stage completed <<<<<<

x==========x]
[2025-11-01 17:41:51,191 : datasciencelogger : INFO : >>>>>> stage  Data Validation Stage started <<<<<<]
[2025-11-01 17:41:51,203 : datasciencelogger : INFO : yaml file: config\config.yaml loaded successfully]
[2025-11-01 17:41:51,205 : datasciencelogger : INFO : yaml file: params.yaml loaded successfully]
[2025-11-01 17:41:51,208 : datasciencelogger : INFO : yaml file: schema.yaml loaded successfully]
[2025-11-01 17:41:51,209 : datasciencelogger : INFO : created directory at: artifacts]
[2025-11-01 17:41:51,209 : datasciencelogger : INFO : created directory at: artifacts/data_validation]
[2025-11-01 17:41:51,226 : datasciencelogger : INFO : >>>>>> stage  Data Validation Stage completed <<<<<<

x==========x]
[2025-11-01 17:41:51,226 : datasciencelogger : INFO : >>>>>> stage Data Transformation stage started <<<<<<]
[2025-11-01 17:41:51,237 : datasciencelogger : INFO : yaml file: config\config.yaml loaded successfully]
[2025-11-01 17:41:51,237 : datasciencelogger : INFO : yaml file: params.yaml loaded successfully]
[2025-11-01 17:41:51,241 : datasciencelogger : INFO : yaml file: schema.yaml loaded successfully]
[2025-11-01 17:41:51,244 : datasciencelogger : INFO : created directory at: artifacts]
[2025-11-01 17:41:51,245 : datasciencelogger : INFO : >>>>>> stage Data Transformation stage completed <<<<<<

x==========x]
[2025-11-01 17:41:51,245 : datasciencelogger : INFO : >>>>>> stage Model Trainer stage started <<<<<<]
[2025-11-01 17:41:51,248 : datasciencelogger : INFO : yaml file: config\config.yaml loaded successfully]
[2025-11-01 17:41:51,252 : datasciencelogger : INFO : yaml file: params.yaml loaded successfully]
[2025-11-01 17:41:51,253 : datasciencelogger : INFO : yaml file: schema.yaml loaded successfully]
[2025-11-01 17:41:51,253 : datasciencelogger : INFO : created directory at: artifacts]
[2025-11-01 17:41:51,253 : datasciencelogger : INFO : created directory at: artifacts/model_trainer]
[2025-11-01 17:41:51,253 : datasciencelogger : ERROR : 'NoneType' object has no attribute 'train_data_path']
Traceback (most recent call last):
  File "D:\mlops\datasciencProject\main.py", line 42, in <module>
    data_ingestion.initiate_model_training()
  File "D:\mlops\datasciencProject\src\datasciencProject\pipeline\model_trainer_pipeline.py", line 17, in initiate_model_training
    model_trainer_config.train()
  File "D:\mlops\datasciencProject\src\datasciencProject\components\model_trainer.py", line 14, in train
    train_data = pd.read_csv(self.config.train_data_path)
                             ^^^^^^^^^^^^^^^^^^^^^^^^^^^
AttributeError: 'NoneType' object has no attribute 'train_data_path'
[2025-11-01 17:45:14,161 : numexpr.utils : INFO : Note: NumExpr detected 12 cores but "NUMEXPR_MAX_THREADS" not set, so enforcing safe limit of 8.]
[2025-11-01 17:45:14,161 : numexpr.utils : INFO : NumExpr defaulting to 8 threads.]
[2025-11-01 17:45:16,352 : datasciencelogger : INFO : >>>>>> stage Data Ingestion Stage started <<<<<<]
[2025-11-01 17:45:16,368 : datasciencelogger : INFO : yaml file: config\config.yaml loaded successfully]
[2025-11-01 17:45:16,368 : datasciencelogger : INFO : yaml file: params.yaml loaded successfully]
[2025-11-01 17:45:16,368 : datasciencelogger : INFO : yaml file: schema.yaml loaded successfully]
[2025-11-01 17:45:16,368 : datasciencelogger : INFO : created directory at: artifacts]
[2025-11-01 17:45:16,368 : datasciencelogger : INFO : created directory at: artifacts/data_ingestion]
[2025-11-01 17:45:16,368 : datasciencelogger : INFO : File already exists]
[2025-11-01 17:45:16,368 : datasciencelogger : INFO : >>>>>> stage Data Ingestion Stage completed <<<<<<

x==========x]
[2025-11-01 17:45:16,368 : datasciencelogger : INFO : >>>>>> stage  Data Validation Stage started <<<<<<]
[2025-11-01 17:45:16,384 : datasciencelogger : INFO : yaml file: config\config.yaml loaded successfully]
[2025-11-01 17:45:16,387 : datasciencelogger : INFO : yaml file: params.yaml loaded successfully]
[2025-11-01 17:45:16,390 : datasciencelogger : INFO : yaml file: schema.yaml loaded successfully]
[2025-11-01 17:45:16,391 : datasciencelogger : INFO : created directory at: artifacts]
[2025-11-01 17:45:16,391 : datasciencelogger : INFO : created directory at: artifacts/data_validation]
[2025-11-01 17:45:16,414 : datasciencelogger : INFO : >>>>>> stage  Data Validation Stage completed <<<<<<

x==========x]
[2025-11-01 17:45:16,416 : datasciencelogger : INFO : >>>>>> stage Data Transformation stage started <<<<<<]
[2025-11-01 17:45:16,420 : datasciencelogger : INFO : yaml file: config\config.yaml loaded successfully]
[2025-11-01 17:45:16,422 : datasciencelogger : INFO : yaml file: params.yaml loaded successfully]
[2025-11-01 17:45:16,422 : datasciencelogger : INFO : yaml file: schema.yaml loaded successfully]
[2025-11-01 17:45:16,422 : datasciencelogger : INFO : created directory at: artifacts]
[2025-11-01 17:45:16,422 : datasciencelogger : INFO : >>>>>> stage Data Transformation stage completed <<<<<<

x==========x]
[2025-11-01 17:45:16,422 : datasciencelogger : INFO : >>>>>> stage Model Trainer stage started <<<<<<]
[2025-11-01 17:45:16,432 : datasciencelogger : INFO : yaml file: config\config.yaml loaded successfully]
[2025-11-01 17:45:16,434 : datasciencelogger : INFO : yaml file: params.yaml loaded successfully]
[2025-11-01 17:45:16,437 : datasciencelogger : INFO : yaml file: schema.yaml loaded successfully]
[2025-11-01 17:45:16,438 : datasciencelogger : INFO : created directory at: artifacts]
[2025-11-01 17:45:16,440 : datasciencelogger : INFO : created directory at: artifacts/model_trainer]
[2025-11-01 17:45:16,440 : datasciencelogger : ERROR : 'NoneType' object has no attribute 'train_data_path']
Traceback (most recent call last):
  File "D:\mlops\datasciencProject\main.py", line 42, in <module>
    data_ingestion.initiate_model_training()
  File "D:\mlops\datasciencProject\src\datasciencProject\pipeline\model_trainer_pipeline.py", line 17, in initiate_model_training
    model_trainer_config.train()
  File "D:\mlops\datasciencProject\src\datasciencProject\components\model_trainer.py", line 15, in train
    train_data = pd.read_csv(self.config.train_data_path)
                             ^^^^^^^^^^^^^^^^^^^^^^^^^^^
AttributeError: 'NoneType' object has no attribute 'train_data_path'
